2025-04-22T18:39:58.460+02:00  INFO 1220 --- [cinevelvet] [restartedMain] com.cinevelvet.CinevelvetApplication     : Starting CinevelvetApplication using Java 21.0.4 with PID 1220 (C:\Users\maria\OneDrive\Escritorio\CineVelvet\cinevelvet-backend\cinevelvet\target\classes started by maria in C:\Users\maria\OneDrive\Escritorio\CineVelvet\cinevelvet-backend)
2025-04-22T18:39:58.460+02:00 DEBUG 1220 --- [cinevelvet] [restartedMain] com.cinevelvet.CinevelvetApplication     : Running with Spring Boot v3.4.4, Spring v6.2.5
2025-04-22T18:39:58.461+02:00  INFO 1220 --- [cinevelvet] [restartedMain] com.cinevelvet.CinevelvetApplication     : No active profile set, falling back to 1 default profile: "default"
2025-04-22T18:39:59.026+02:00  INFO 1220 --- [cinevelvet] [restartedMain] .s.d.r.c.RepositoryConfigurationDelegate : Bootstrapping Spring Data JPA repositories in DEFAULT mode.
2025-04-22T18:39:59.053+02:00  INFO 1220 --- [cinevelvet] [restartedMain] .s.d.r.c.RepositoryConfigurationDelegate : Finished Spring Data repository scanning in 25 ms. Found 7 JPA repository interfaces.
2025-04-22T18:39:59.324+02:00  INFO 1220 --- [cinevelvet] [restartedMain] o.s.b.w.embedded.tomcat.TomcatWebServer  : Tomcat initialized with port 8080 (http)
2025-04-22T18:39:59.326+02:00  INFO 1220 --- [cinevelvet] [restartedMain] o.apache.catalina.core.StandardService   : Starting service [Tomcat]
2025-04-22T18:39:59.327+02:00  INFO 1220 --- [cinevelvet] [restartedMain] o.apache.catalina.core.StandardEngine    : Starting Servlet engine: [Apache Tomcat/10.1.39]
2025-04-22T18:39:59.348+02:00  INFO 1220 --- [cinevelvet] [restartedMain] o.a.c.c.C.[Tomcat].[localhost].[/]       : Initializing Spring embedded WebApplicationContext
2025-04-22T18:39:59.348+02:00  INFO 1220 --- [cinevelvet] [restartedMain] w.s.c.ServletWebServerApplicationContext : Root WebApplicationContext: initialization completed in 875 ms
2025-04-22T18:39:59.532+02:00  INFO 1220 --- [cinevelvet] [restartedMain] o.hibernate.jpa.internal.util.LogHelper  : HHH000204: Processing PersistenceUnitInfo [name: default]
2025-04-22T18:39:59.536+02:00  INFO 1220 --- [cinevelvet] [restartedMain] o.h.c.internal.RegionFactoryInitiator    : HHH000026: Second-level cache disabled
2025-04-22T18:39:59.550+02:00  INFO 1220 --- [cinevelvet] [restartedMain] o.s.o.j.p.SpringPersistenceUnitInfo      : No LoadTimeWeaver setup: ignoring JPA class transformer
2025-04-22T18:39:59.551+02:00  INFO 1220 --- [cinevelvet] [restartedMain] com.zaxxer.hikari.HikariDataSource       : HikariPool-2 - Starting...
2025-04-22T18:39:59.563+02:00  INFO 1220 --- [cinevelvet] [restartedMain] com.zaxxer.hikari.pool.HikariPool        : HikariPool-2 - Added connection com.mysql.cj.jdbc.ConnectionImpl@2edfa993
2025-04-22T18:39:59.564+02:00  INFO 1220 --- [cinevelvet] [restartedMain] com.zaxxer.hikari.HikariDataSource       : HikariPool-2 - Start completed.
2025-04-22T18:39:59.564+02:00  WARN 1220 --- [cinevelvet] [restartedMain] org.hibernate.orm.deprecation            : HHH90000025: MySQL8Dialect does not need to be specified explicitly using 'hibernate.dialect' (remove the property setting and it will be selected by default)
2025-04-22T18:39:59.564+02:00  WARN 1220 --- [cinevelvet] [restartedMain] org.hibernate.orm.deprecation            : HHH90000026: MySQL8Dialect has been deprecated; use org.hibernate.dialect.MySQLDialect instead
2025-04-22T18:39:59.565+02:00  INFO 1220 --- [cinevelvet] [restartedMain] org.hibernate.orm.connections.pooling    : HHH10001005: Database info:
	Database JDBC URL [Connecting through datasource 'HikariDataSource (HikariPool-2)']
	Database driver: undefined/unknown
	Database version: 8.0
	Autocommit mode: undefined/unknown
	Isolation level: undefined/unknown
	Minimum pool size: undefined/unknown
	Maximum pool size: undefined/unknown
2025-04-22T18:39:59.726+02:00  INFO 1220 --- [cinevelvet] [restartedMain] o.h.e.t.j.p.i.JtaPlatformInitiator       : HHH000489: No JTA platform available (set 'hibernate.transaction.jta.platform' to enable JTA platform integration)
2025-04-22T18:39:59.726+02:00  INFO 1220 --- [cinevelvet] [restartedMain] j.LocalContainerEntityManagerFactoryBean : Initialized JPA EntityManagerFactory for persistence unit 'default'
2025-04-22T18:39:59.951+02:00  WARN 1220 --- [cinevelvet] [restartedMain] ConfigServletWebServerApplicationContext : Exception encountered during context initialization - cancelling refresh attempt: org.springframework.beans.factory.UnsatisfiedDependencyException: Error creating bean with name 'reservaController' defined in file [C:\Users\maria\OneDrive\Escritorio\CineVelvet\cinevelvet-backend\cinevelvet\target\classes\com\cinevelvet\controller\ReservaController.class]: Unsatisfied dependency expressed through constructor parameter 0: No qualifying bean of type 'com.cinevelvet.service.ReservaService' available: expected at least 1 bean which qualifies as autowire candidate. Dependency annotations: {}
2025-04-22T18:39:59.951+02:00  INFO 1220 --- [cinevelvet] [restartedMain] j.LocalContainerEntityManagerFactoryBean : Closing JPA EntityManagerFactory for persistence unit 'default'
2025-04-22T18:39:59.952+02:00  INFO 1220 --- [cinevelvet] [restartedMain] com.zaxxer.hikari.HikariDataSource       : HikariPool-2 - Shutdown initiated...
2025-04-22T18:39:59.959+02:00  INFO 1220 --- [cinevelvet] [restartedMain] com.zaxxer.hikari.HikariDataSource       : HikariPool-2 - Shutdown completed.
2025-04-22T18:39:59.960+02:00  INFO 1220 --- [cinevelvet] [restartedMain] o.apache.catalina.core.StandardService   : Stopping service [Tomcat]
2025-04-22T18:39:59.969+02:00  INFO 1220 --- [cinevelvet] [restartedMain] .s.b.a.l.ConditionEvaluationReportLogger : 

Error starting ApplicationContext. To display the condition evaluation report re-run your application with 'debug' enabled.
2025-04-22T18:39:59.999+02:00 ERROR 1220 --- [cinevelvet] [restartedMain] o.s.b.d.LoggingFailureAnalysisReporter   : 

***************************
APPLICATION FAILED TO START
***************************

Description:

Parameter 0 of constructor in com.cinevelvet.controller.ReservaController required a bean of type 'com.cinevelvet.service.ReservaService' that could not be found.


Action:

Consider defining a bean of type 'com.cinevelvet.service.ReservaService' in your configuration.

2025-04-22T18:40:01.478+02:00  INFO 1220 --- [cinevelvet] [restartedMain] com.cinevelvet.CinevelvetApplication     : Starting CinevelvetApplication using Java 21.0.4 with PID 1220 (C:\Users\maria\OneDrive\Escritorio\CineVelvet\cinevelvet-backend\cinevelvet\target\classes started by maria in C:\Users\maria\OneDrive\Escritorio\CineVelvet\cinevelvet-backend)
2025-04-22T18:40:01.478+02:00 DEBUG 1220 --- [cinevelvet] [restartedMain] com.cinevelvet.CinevelvetApplication     : Running with Spring Boot v3.4.4, Spring v6.2.5
2025-04-22T18:40:01.478+02:00  INFO 1220 --- [cinevelvet] [restartedMain] com.cinevelvet.CinevelvetApplication     : No active profile set, falling back to 1 default profile: "default"
2025-04-22T18:40:01.849+02:00  INFO 1220 --- [cinevelvet] [restartedMain] .s.d.r.c.RepositoryConfigurationDelegate : Bootstrapping Spring Data JPA repositories in DEFAULT mode.
2025-04-22T18:40:01.879+02:00  INFO 1220 --- [cinevelvet] [restartedMain] .s.d.r.c.RepositoryConfigurationDelegate : Finished Spring Data repository scanning in 27 ms. Found 7 JPA repository interfaces.
2025-04-22T18:40:02.061+02:00  INFO 1220 --- [cinevelvet] [restartedMain] o.s.b.w.embedded.tomcat.TomcatWebServer  : Tomcat initialized with port 8080 (http)
2025-04-22T18:40:02.061+02:00  INFO 1220 --- [cinevelvet] [restartedMain] o.apache.catalina.core.StandardService   : Starting service [Tomcat]
2025-04-22T18:40:02.061+02:00  INFO 1220 --- [cinevelvet] [restartedMain] o.apache.catalina.core.StandardEngine    : Starting Servlet engine: [Apache Tomcat/10.1.39]
2025-04-22T18:40:02.078+02:00  INFO 1220 --- [cinevelvet] [restartedMain] o.a.c.c.C.[Tomcat-1].[localhost].[/]     : Initializing Spring embedded WebApplicationContext
2025-04-22T18:40:02.078+02:00  INFO 1220 --- [cinevelvet] [restartedMain] w.s.c.ServletWebServerApplicationContext : Root WebApplicationContext: initialization completed in 598 ms
2025-04-22T18:40:02.266+02:00  INFO 1220 --- [cinevelvet] [restartedMain] o.hibernate.jpa.internal.util.LogHelper  : HHH000204: Processing PersistenceUnitInfo [name: default]
2025-04-22T18:40:02.266+02:00  INFO 1220 --- [cinevelvet] [restartedMain] o.h.c.internal.RegionFactoryInitiator    : HHH000026: Second-level cache disabled
2025-04-22T18:40:02.272+02:00  INFO 1220 --- [cinevelvet] [restartedMain] o.s.o.j.p.SpringPersistenceUnitInfo      : No LoadTimeWeaver setup: ignoring JPA class transformer
2025-04-22T18:40:02.272+02:00  INFO 1220 --- [cinevelvet] [restartedMain] com.zaxxer.hikari.HikariDataSource       : HikariPool-3 - Starting...
2025-04-22T18:40:02.300+02:00  INFO 1220 --- [cinevelvet] [restartedMain] com.zaxxer.hikari.pool.HikariPool        : HikariPool-3 - Added connection com.mysql.cj.jdbc.ConnectionImpl@cb54ac0
2025-04-22T18:40:02.300+02:00  INFO 1220 --- [cinevelvet] [restartedMain] com.zaxxer.hikari.HikariDataSource       : HikariPool-3 - Start completed.
2025-04-22T18:40:02.300+02:00  WARN 1220 --- [cinevelvet] [restartedMain] org.hibernate.orm.deprecation            : HHH90000025: MySQL8Dialect does not need to be specified explicitly using 'hibernate.dialect' (remove the property setting and it will be selected by default)
2025-04-22T18:40:02.300+02:00  WARN 1220 --- [cinevelvet] [restartedMain] org.hibernate.orm.deprecation            : HHH90000026: MySQL8Dialect has been deprecated; use org.hibernate.dialect.MySQLDialect instead
2025-04-22T18:40:02.300+02:00  INFO 1220 --- [cinevelvet] [restartedMain] org.hibernate.orm.connections.pooling    : HHH10001005: Database info:
	Database JDBC URL [Connecting through datasource 'HikariDataSource (HikariPool-3)']
	Database driver: undefined/unknown
	Database version: 8.0
	Autocommit mode: undefined/unknown
	Isolation level: undefined/unknown
	Minimum pool size: undefined/unknown
	Maximum pool size: undefined/unknown
2025-04-22T18:40:02.503+02:00  INFO 1220 --- [cinevelvet] [restartedMain] o.h.e.t.j.p.i.JtaPlatformInitiator       : HHH000489: No JTA platform available (set 'hibernate.transaction.jta.platform' to enable JTA platform integration)
2025-04-22T18:40:02.505+02:00  INFO 1220 --- [cinevelvet] [restartedMain] j.LocalContainerEntityManagerFactoryBean : Initialized JPA EntityManagerFactory for persistence unit 'default'
2025-04-22T18:40:02.807+02:00  WARN 1220 --- [cinevelvet] [restartedMain] JpaBaseConfiguration$JpaWebConfiguration : spring.jpa.open-in-view is enabled by default. Therefore, database queries may be performed during view rendering. Explicitly configure spring.jpa.open-in-view to disable this warning
2025-04-22T18:40:03.537+02:00  INFO 1220 --- [cinevelvet] [restartedMain] o.s.b.d.a.OptionalLiveReloadServer       : LiveReload server is running on port 35729
2025-04-22T18:40:03.551+02:00  INFO 1220 --- [cinevelvet] [restartedMain] o.s.b.a.e.web.EndpointLinksResolver      : Exposing 1 endpoint beneath base path '/actuator'
2025-04-22T18:40:03.647+02:00  INFO 1220 --- [cinevelvet] [restartedMain] o.s.b.w.embedded.tomcat.TomcatWebServer  : Tomcat started on port 8080 (http) with context path '/'
2025-04-22T18:40:03.665+02:00  INFO 1220 --- [cinevelvet] [restartedMain] com.cinevelvet.CinevelvetApplication     : Started CinevelvetApplication in 2.213 seconds (process running for 3246.152)
2025-04-22T18:40:03.666+02:00  INFO 1220 --- [cinevelvet] [restartedMain] .ConditionEvaluationDeltaLoggingListener : Condition evaluation unchanged
2025-04-22T18:58:42.990+02:00  INFO 1220 --- [cinevelvet] [http-nio-8080-exec-3] o.a.c.c.C.[Tomcat-1].[localhost].[/]     : Initializing Spring DispatcherServlet 'dispatcherServlet'
2025-04-22T18:58:42.990+02:00  INFO 1220 --- [cinevelvet] [http-nio-8080-exec-3] o.s.web.servlet.DispatcherServlet        : Initializing Servlet 'dispatcherServlet'
2025-04-22T18:58:42.994+02:00  INFO 1220 --- [cinevelvet] [http-nio-8080-exec-3] o.s.web.servlet.DispatcherServlet        : Completed initialization in 4 ms
2025-04-22T19:06:15.920+02:00  INFO 1220 --- [cinevelvet] [SpringApplicationShutdownHook] o.s.b.w.e.tomcat.GracefulShutdown        : Commencing graceful shutdown. Waiting for active requests to complete
2025-04-22T19:06:15.920+02:00  INFO 1220 --- [cinevelvet] [tomcat-shutdown] o.s.b.w.e.tomcat.GracefulShutdown        : Graceful shutdown complete
2025-04-22T19:06:15.920+02:00  INFO 1220 --- [cinevelvet] [SpringApplicationShutdownHook] j.LocalContainerEntityManagerFactoryBean : Closing JPA EntityManagerFactory for persistence unit 'default'
2025-04-22T19:06:15.920+02:00  INFO 1220 --- [cinevelvet] [SpringApplicationShutdownHook] com.zaxxer.hikari.HikariDataSource       : HikariPool-3 - Shutdown initiated...
2025-04-22T19:06:15.920+02:00  INFO 1220 --- [cinevelvet] [SpringApplicationShutdownHook] com.zaxxer.hikari.HikariDataSource       : HikariPool-3 - Shutdown completed.
2025-04-22T19:06:18.096+02:00  INFO 18152 --- [cinevelvet] [restartedMain] com.cinevelvet.CinevelvetApplication     : Starting CinevelvetApplication using Java 21.0.4 with PID 18152 (C:\Users\maria\OneDrive\Escritorio\CineVelvet\cinevelvet-backend\cinevelvet\target\classes started by maria in C:\Users\maria\OneDrive\Escritorio\CineVelvet\cinevelvet-backend)
2025-04-22T19:06:18.096+02:00 DEBUG 18152 --- [cinevelvet] [restartedMain] com.cinevelvet.CinevelvetApplication     : Running with Spring Boot v3.4.4, Spring v6.2.5
2025-04-22T19:06:18.096+02:00  INFO 18152 --- [cinevelvet] [restartedMain] com.cinevelvet.CinevelvetApplication     : No active profile set, falling back to 1 default profile: "default"
2025-04-22T19:06:18.135+02:00  INFO 18152 --- [cinevelvet] [restartedMain] .e.DevToolsPropertyDefaultsPostProcessor : Devtools property defaults active! Set 'spring.devtools.add-properties' to 'false' to disable
2025-04-22T19:06:18.135+02:00  INFO 18152 --- [cinevelvet] [restartedMain] .e.DevToolsPropertyDefaultsPostProcessor : For additional web related logging consider setting the 'logging.level.web' property to 'DEBUG'
2025-04-22T19:06:18.857+02:00  INFO 18152 --- [cinevelvet] [restartedMain] .s.d.r.c.RepositoryConfigurationDelegate : Bootstrapping Spring Data JPA repositories in DEFAULT mode.
2025-04-22T19:06:18.910+02:00  INFO 18152 --- [cinevelvet] [restartedMain] .s.d.r.c.RepositoryConfigurationDelegate : Finished Spring Data repository scanning in 46 ms. Found 7 JPA repository interfaces.
2025-04-22T19:06:19.551+02:00  INFO 18152 --- [cinevelvet] [restartedMain] o.s.b.w.embedded.tomcat.TomcatWebServer  : Tomcat initialized with port 8080 (http)
2025-04-22T19:06:19.561+02:00  INFO 18152 --- [cinevelvet] [restartedMain] o.apache.catalina.core.StandardService   : Starting service [Tomcat]
2025-04-22T19:06:19.561+02:00  INFO 18152 --- [cinevelvet] [restartedMain] o.apache.catalina.core.StandardEngine    : Starting Servlet engine: [Apache Tomcat/10.1.39]
2025-04-22T19:06:19.593+02:00  INFO 18152 --- [cinevelvet] [restartedMain] o.a.c.c.C.[Tomcat].[localhost].[/]       : Initializing Spring embedded WebApplicationContext
2025-04-22T19:06:19.594+02:00  INFO 18152 --- [cinevelvet] [restartedMain] w.s.c.ServletWebServerApplicationContext : Root WebApplicationContext: initialization completed in 1458 ms
2025-04-22T19:06:19.838+02:00  INFO 18152 --- [cinevelvet] [restartedMain] o.hibernate.jpa.internal.util.LogHelper  : HHH000204: Processing PersistenceUnitInfo [name: default]
2025-04-22T19:06:19.872+02:00  INFO 18152 --- [cinevelvet] [restartedMain] org.hibernate.Version                    : HHH000412: Hibernate ORM core version 6.6.11.Final
2025-04-22T19:06:19.896+02:00  INFO 18152 --- [cinevelvet] [restartedMain] o.h.c.internal.RegionFactoryInitiator    : HHH000026: Second-level cache disabled
2025-04-22T19:06:20.088+02:00  INFO 18152 --- [cinevelvet] [restartedMain] o.s.o.j.p.SpringPersistenceUnitInfo      : No LoadTimeWeaver setup: ignoring JPA class transformer
2025-04-22T19:06:20.111+02:00  INFO 18152 --- [cinevelvet] [restartedMain] com.zaxxer.hikari.HikariDataSource       : HikariPool-1 - Starting...
2025-04-22T19:06:20.365+02:00  INFO 18152 --- [cinevelvet] [restartedMain] com.zaxxer.hikari.pool.HikariPool        : HikariPool-1 - Added connection com.mysql.cj.jdbc.ConnectionImpl@7611311e
2025-04-22T19:06:20.367+02:00  INFO 18152 --- [cinevelvet] [restartedMain] com.zaxxer.hikari.HikariDataSource       : HikariPool-1 - Start completed.
2025-04-22T19:06:20.437+02:00  WARN 18152 --- [cinevelvet] [restartedMain] org.hibernate.orm.deprecation            : HHH90000025: MySQL8Dialect does not need to be specified explicitly using 'hibernate.dialect' (remove the property setting and it will be selected by default)
2025-04-22T19:06:20.439+02:00  WARN 18152 --- [cinevelvet] [restartedMain] org.hibernate.orm.deprecation            : HHH90000026: MySQL8Dialect has been deprecated; use org.hibernate.dialect.MySQLDialect instead
2025-04-22T19:06:20.462+02:00  INFO 18152 --- [cinevelvet] [restartedMain] org.hibernate.orm.connections.pooling    : HHH10001005: Database info:
	Database JDBC URL [Connecting through datasource 'HikariDataSource (HikariPool-1)']
	Database driver: undefined/unknown
	Database version: 8.0
	Autocommit mode: undefined/unknown
	Isolation level: undefined/unknown
	Minimum pool size: undefined/unknown
	Maximum pool size: undefined/unknown
2025-04-22T19:06:21.435+02:00  INFO 18152 --- [cinevelvet] [restartedMain] o.h.e.t.j.p.i.JtaPlatformInitiator       : HHH000489: No JTA platform available (set 'hibernate.transaction.jta.platform' to enable JTA platform integration)
2025-04-22T19:06:21.438+02:00  INFO 18152 --- [cinevelvet] [restartedMain] j.LocalContainerEntityManagerFactoryBean : Initialized JPA EntityManagerFactory for persistence unit 'default'
2025-04-22T19:06:21.974+02:00  WARN 18152 --- [cinevelvet] [restartedMain] JpaBaseConfiguration$JpaWebConfiguration : spring.jpa.open-in-view is enabled by default. Therefore, database queries may be performed during view rendering. Explicitly configure spring.jpa.open-in-view to disable this warning
2025-04-22T19:06:22.583+02:00  INFO 18152 --- [cinevelvet] [restartedMain] o.s.b.d.a.OptionalLiveReloadServer       : LiveReload server is running on port 35729
2025-04-22T19:06:22.591+02:00  INFO 18152 --- [cinevelvet] [restartedMain] o.s.b.a.e.web.EndpointLinksResolver      : Exposing 1 endpoint beneath base path '/actuator'
2025-04-22T19:06:22.652+02:00  INFO 18152 --- [cinevelvet] [restartedMain] o.s.b.w.embedded.tomcat.TomcatWebServer  : Tomcat started on port 8080 (http) with context path '/'
2025-04-22T19:06:22.663+02:00  INFO 18152 --- [cinevelvet] [restartedMain] com.cinevelvet.CinevelvetApplication     : Started CinevelvetApplication in 4.947 seconds (process running for 5.619)
2025-04-22T19:06:22.804+02:00  INFO 18152 --- [cinevelvet] [RMI TCP Connection(1)-192.168.0.110] o.a.c.c.C.[Tomcat].[localhost].[/]       : Initializing Spring DispatcherServlet 'dispatcherServlet'
2025-04-22T19:06:22.804+02:00  INFO 18152 --- [cinevelvet] [RMI TCP Connection(1)-192.168.0.110] o.s.web.servlet.DispatcherServlet        : Initializing Servlet 'dispatcherServlet'
2025-04-22T19:06:22.807+02:00  INFO 18152 --- [cinevelvet] [RMI TCP Connection(1)-192.168.0.110] o.s.web.servlet.DispatcherServlet        : Completed initialization in 3 ms
2025-04-22T19:07:48.663+02:00  INFO 18152 --- [cinevelvet] [SpringApplicationShutdownHook] o.s.b.w.e.tomcat.GracefulShutdown        : Commencing graceful shutdown. Waiting for active requests to complete
2025-04-22T19:07:48.686+02:00  INFO 18152 --- [cinevelvet] [tomcat-shutdown] o.s.b.w.e.tomcat.GracefulShutdown        : Graceful shutdown complete
2025-04-22T19:07:48.692+02:00  INFO 18152 --- [cinevelvet] [SpringApplicationShutdownHook] j.LocalContainerEntityManagerFactoryBean : Closing JPA EntityManagerFactory for persistence unit 'default'
2025-04-22T19:07:48.697+02:00  INFO 18152 --- [cinevelvet] [SpringApplicationShutdownHook] com.zaxxer.hikari.HikariDataSource       : HikariPool-1 - Shutdown initiated...
2025-04-22T19:07:48.719+02:00  INFO 18152 --- [cinevelvet] [SpringApplicationShutdownHook] com.zaxxer.hikari.HikariDataSource       : HikariPool-1 - Shutdown completed.
2025-04-22T19:08:01.635+02:00  INFO 5656 --- [cinevelvet] [restartedMain] com.cinevelvet.CinevelvetApplication     : Starting CinevelvetApplication using Java 21.0.4 with PID 5656 (C:\Users\maria\OneDrive\Escritorio\CineVelvet\cinevelvet-backend\cinevelvet\target\classes started by maria in C:\Users\maria\OneDrive\Escritorio\CineVelvet\cinevelvet-backend)
2025-04-22T19:08:01.637+02:00 DEBUG 5656 --- [cinevelvet] [restartedMain] com.cinevelvet.CinevelvetApplication     : Running with Spring Boot v3.4.4, Spring v6.2.5
2025-04-22T19:08:01.637+02:00  INFO 5656 --- [cinevelvet] [restartedMain] com.cinevelvet.CinevelvetApplication     : No active profile set, falling back to 1 default profile: "default"
2025-04-22T19:08:01.674+02:00  INFO 5656 --- [cinevelvet] [restartedMain] .e.DevToolsPropertyDefaultsPostProcessor : Devtools property defaults active! Set 'spring.devtools.add-properties' to 'false' to disable
2025-04-22T19:08:01.675+02:00  INFO 5656 --- [cinevelvet] [restartedMain] .e.DevToolsPropertyDefaultsPostProcessor : For additional web related logging consider setting the 'logging.level.web' property to 'DEBUG'
2025-04-22T19:08:02.471+02:00  INFO 5656 --- [cinevelvet] [restartedMain] .s.d.r.c.RepositoryConfigurationDelegate : Bootstrapping Spring Data JPA repositories in DEFAULT mode.
2025-04-22T19:08:02.529+02:00  INFO 5656 --- [cinevelvet] [restartedMain] .s.d.r.c.RepositoryConfigurationDelegate : Finished Spring Data repository scanning in 50 ms. Found 7 JPA repository interfaces.
2025-04-22T19:08:03.031+02:00  INFO 5656 --- [cinevelvet] [restartedMain] o.s.b.w.embedded.tomcat.TomcatWebServer  : Tomcat initialized with port 8080 (http)
2025-04-22T19:08:03.042+02:00  INFO 5656 --- [cinevelvet] [restartedMain] o.apache.catalina.core.StandardService   : Starting service [Tomcat]
2025-04-22T19:08:03.042+02:00  INFO 5656 --- [cinevelvet] [restartedMain] o.apache.catalina.core.StandardEngine    : Starting Servlet engine: [Apache Tomcat/10.1.39]
2025-04-22T19:08:03.076+02:00  INFO 5656 --- [cinevelvet] [restartedMain] o.a.c.c.C.[Tomcat].[localhost].[/]       : Initializing Spring embedded WebApplicationContext
2025-04-22T19:08:03.077+02:00  INFO 5656 --- [cinevelvet] [restartedMain] w.s.c.ServletWebServerApplicationContext : Root WebApplicationContext: initialization completed in 1402 ms
2025-04-22T19:08:03.335+02:00  INFO 5656 --- [cinevelvet] [restartedMain] o.hibernate.jpa.internal.util.LogHelper  : HHH000204: Processing PersistenceUnitInfo [name: default]
2025-04-22T19:08:03.369+02:00  INFO 5656 --- [cinevelvet] [restartedMain] org.hibernate.Version                    : HHH000412: Hibernate ORM core version 6.6.11.Final
2025-04-22T19:08:03.391+02:00  INFO 5656 --- [cinevelvet] [restartedMain] o.h.c.internal.RegionFactoryInitiator    : HHH000026: Second-level cache disabled
2025-04-22T19:08:03.583+02:00  INFO 5656 --- [cinevelvet] [restartedMain] o.s.o.j.p.SpringPersistenceUnitInfo      : No LoadTimeWeaver setup: ignoring JPA class transformer
2025-04-22T19:08:03.606+02:00  INFO 5656 --- [cinevelvet] [restartedMain] com.zaxxer.hikari.HikariDataSource       : HikariPool-1 - Starting...
2025-04-22T19:08:03.835+02:00  INFO 5656 --- [cinevelvet] [restartedMain] com.zaxxer.hikari.pool.HikariPool        : HikariPool-1 - Added connection com.mysql.cj.jdbc.ConnectionImpl@1f0de043
2025-04-22T19:08:03.837+02:00  INFO 5656 --- [cinevelvet] [restartedMain] com.zaxxer.hikari.HikariDataSource       : HikariPool-1 - Start completed.
2025-04-22T19:08:03.870+02:00  WARN 5656 --- [cinevelvet] [restartedMain] org.hibernate.orm.deprecation            : HHH90000025: MySQL8Dialect does not need to be specified explicitly using 'hibernate.dialect' (remove the property setting and it will be selected by default)
2025-04-22T19:08:03.870+02:00  WARN 5656 --- [cinevelvet] [restartedMain] org.hibernate.orm.deprecation            : HHH90000026: MySQL8Dialect has been deprecated; use org.hibernate.dialect.MySQLDialect instead
2025-04-22T19:08:03.886+02:00  INFO 5656 --- [cinevelvet] [restartedMain] org.hibernate.orm.connections.pooling    : HHH10001005: Database info:
	Database JDBC URL [Connecting through datasource 'HikariDataSource (HikariPool-1)']
	Database driver: undefined/unknown
	Database version: 8.0
	Autocommit mode: undefined/unknown
	Isolation level: undefined/unknown
	Minimum pool size: undefined/unknown
	Maximum pool size: undefined/unknown
2025-04-22T19:08:04.616+02:00  INFO 5656 --- [cinevelvet] [restartedMain] o.h.e.t.j.p.i.JtaPlatformInitiator       : HHH000489: No JTA platform available (set 'hibernate.transaction.jta.platform' to enable JTA platform integration)
2025-04-22T19:08:04.618+02:00  INFO 5656 --- [cinevelvet] [restartedMain] j.LocalContainerEntityManagerFactoryBean : Initialized JPA EntityManagerFactory for persistence unit 'default'
2025-04-22T19:08:05.058+02:00  WARN 5656 --- [cinevelvet] [restartedMain] JpaBaseConfiguration$JpaWebConfiguration : spring.jpa.open-in-view is enabled by default. Therefore, database queries may be performed during view rendering. Explicitly configure spring.jpa.open-in-view to disable this warning
2025-04-22T19:08:05.796+02:00  INFO 5656 --- [cinevelvet] [restartedMain] o.s.b.d.a.OptionalLiveReloadServer       : LiveReload server is running on port 35729
2025-04-22T19:08:05.809+02:00  INFO 5656 --- [cinevelvet] [restartedMain] o.s.b.a.e.web.EndpointLinksResolver      : Exposing 1 endpoint beneath base path '/actuator'
2025-04-22T19:08:05.918+02:00  INFO 5656 --- [cinevelvet] [restartedMain] o.s.b.w.embedded.tomcat.TomcatWebServer  : Tomcat started on port 8080 (http) with context path '/'
2025-04-22T19:08:05.929+02:00  INFO 5656 --- [cinevelvet] [restartedMain] com.cinevelvet.CinevelvetApplication     : Started CinevelvetApplication in 4.706 seconds (process running for 5.305)
2025-04-22T19:08:06.421+02:00  INFO 5656 --- [cinevelvet] [RMI TCP Connection(2)-192.168.0.110] o.a.c.c.C.[Tomcat].[localhost].[/]       : Initializing Spring DispatcherServlet 'dispatcherServlet'
2025-04-22T19:08:06.421+02:00  INFO 5656 --- [cinevelvet] [RMI TCP Connection(2)-192.168.0.110] o.s.web.servlet.DispatcherServlet        : Initializing Servlet 'dispatcherServlet'
2025-04-22T19:08:06.424+02:00  INFO 5656 --- [cinevelvet] [RMI TCP Connection(2)-192.168.0.110] o.s.web.servlet.DispatcherServlet        : Completed initialization in 3 ms
2025-04-22T19:35:35.616+02:00  WARN 5656 --- [cinevelvet] [http-nio-8080-exec-9] .w.s.m.s.DefaultHandlerExceptionResolver : Ignoring exception, response committed already: org.springframework.http.converter.HttpMessageNotWritableException: Could not write JSON: Document nesting depth (1001) exceeds the maximum allowed (1000, from `StreamWriteConstraints.getMaxNestingDepth()`)
2025-04-22T19:35:35.617+02:00  WARN 5656 --- [cinevelvet] [http-nio-8080-exec-8] .w.s.m.s.DefaultHandlerExceptionResolver : Ignoring exception, response committed already: org.springframework.http.converter.HttpMessageNotWritableException: Could not write JSON: Document nesting depth (1001) exceeds the maximum allowed (1000, from `StreamWriteConstraints.getMaxNestingDepth()`)
2025-04-22T19:35:35.618+02:00  WARN 5656 --- [cinevelvet] [http-nio-8080-exec-9] .w.s.m.s.DefaultHandlerExceptionResolver : Resolved [org.springframework.http.converter.HttpMessageNotWritableException: Could not write JSON: Document nesting depth (1001) exceeds the maximum allowed (1000, from `StreamWriteConstraints.getMaxNestingDepth()`)]
2025-04-22T19:35:35.618+02:00  WARN 5656 --- [cinevelvet] [http-nio-8080-exec-8] .w.s.m.s.DefaultHandlerExceptionResolver : Resolved [org.springframework.http.converter.HttpMessageNotWritableException: Could not write JSON: Document nesting depth (1001) exceeds the maximum allowed (1000, from `StreamWriteConstraints.getMaxNestingDepth()`)]
2025-04-22T19:42:39.590+02:00  INFO 5656 --- [cinevelvet] [SpringApplicationShutdownHook] o.s.b.w.e.tomcat.GracefulShutdown        : Commencing graceful shutdown. Waiting for active requests to complete
2025-04-22T19:42:39.602+02:00  INFO 5656 --- [cinevelvet] [tomcat-shutdown] o.s.b.w.e.tomcat.GracefulShutdown        : Graceful shutdown complete
2025-04-22T19:42:39.609+02:00  INFO 5656 --- [cinevelvet] [SpringApplicationShutdownHook] j.LocalContainerEntityManagerFactoryBean : Closing JPA EntityManagerFactory for persistence unit 'default'
2025-04-22T19:42:39.612+02:00  INFO 5656 --- [cinevelvet] [SpringApplicationShutdownHook] com.zaxxer.hikari.HikariDataSource       : HikariPool-1 - Shutdown initiated...
2025-04-22T19:42:39.620+02:00  INFO 5656 --- [cinevelvet] [SpringApplicationShutdownHook] com.zaxxer.hikari.HikariDataSource       : HikariPool-1 - Shutdown completed.
2025-04-22T19:42:44.792+02:00  INFO 19360 --- [cinevelvet] [restartedMain] com.cinevelvet.CinevelvetApplication     : Starting CinevelvetApplication using Java 21.0.4 with PID 19360 (C:\Users\maria\OneDrive\Escritorio\CineVelvet\cinevelvet-backend\cinevelvet\target\classes started by maria in C:\Users\maria\OneDrive\Escritorio\CineVelvet\cinevelvet-backend)
2025-04-22T19:42:44.793+02:00 DEBUG 19360 --- [cinevelvet] [restartedMain] com.cinevelvet.CinevelvetApplication     : Running with Spring Boot v3.4.4, Spring v6.2.5
2025-04-22T19:42:44.794+02:00  INFO 19360 --- [cinevelvet] [restartedMain] com.cinevelvet.CinevelvetApplication     : No active profile set, falling back to 1 default profile: "default"
2025-04-22T19:42:44.836+02:00  INFO 19360 --- [cinevelvet] [restartedMain] .e.DevToolsPropertyDefaultsPostProcessor : Devtools property defaults active! Set 'spring.devtools.add-properties' to 'false' to disable
2025-04-22T19:42:44.836+02:00  INFO 19360 --- [cinevelvet] [restartedMain] .e.DevToolsPropertyDefaultsPostProcessor : For additional web related logging consider setting the 'logging.level.web' property to 'DEBUG'
2025-04-22T19:42:45.692+02:00  INFO 19360 --- [cinevelvet] [restartedMain] .s.d.r.c.RepositoryConfigurationDelegate : Bootstrapping Spring Data JPA repositories in DEFAULT mode.
2025-04-22T19:42:45.742+02:00  INFO 19360 --- [cinevelvet] [restartedMain] .s.d.r.c.RepositoryConfigurationDelegate : Finished Spring Data repository scanning in 43 ms. Found 7 JPA repository interfaces.
2025-04-22T19:42:46.248+02:00  INFO 19360 --- [cinevelvet] [restartedMain] o.s.b.w.embedded.tomcat.TomcatWebServer  : Tomcat initialized with port 8080 (http)
2025-04-22T19:42:46.258+02:00  INFO 19360 --- [cinevelvet] [restartedMain] o.apache.catalina.core.StandardService   : Starting service [Tomcat]
2025-04-22T19:42:46.259+02:00  INFO 19360 --- [cinevelvet] [restartedMain] o.apache.catalina.core.StandardEngine    : Starting Servlet engine: [Apache Tomcat/10.1.39]
2025-04-22T19:42:46.292+02:00  INFO 19360 --- [cinevelvet] [restartedMain] o.a.c.c.C.[Tomcat].[localhost].[/]       : Initializing Spring embedded WebApplicationContext
2025-04-22T19:42:46.292+02:00  INFO 19360 --- [cinevelvet] [restartedMain] w.s.c.ServletWebServerApplicationContext : Root WebApplicationContext: initialization completed in 1455 ms
2025-04-22T19:42:46.618+02:00  INFO 19360 --- [cinevelvet] [restartedMain] o.hibernate.jpa.internal.util.LogHelper  : HHH000204: Processing PersistenceUnitInfo [name: default]
2025-04-22T19:42:46.658+02:00  INFO 19360 --- [cinevelvet] [restartedMain] org.hibernate.Version                    : HHH000412: Hibernate ORM core version 6.6.11.Final
2025-04-22T19:42:46.680+02:00  INFO 19360 --- [cinevelvet] [restartedMain] o.h.c.internal.RegionFactoryInitiator    : HHH000026: Second-level cache disabled
2025-04-22T19:42:46.887+02:00  INFO 19360 --- [cinevelvet] [restartedMain] o.s.o.j.p.SpringPersistenceUnitInfo      : No LoadTimeWeaver setup: ignoring JPA class transformer
2025-04-22T19:42:46.911+02:00  INFO 19360 --- [cinevelvet] [restartedMain] com.zaxxer.hikari.HikariDataSource       : HikariPool-1 - Starting...
2025-04-22T19:42:47.172+02:00  INFO 19360 --- [cinevelvet] [restartedMain] com.zaxxer.hikari.pool.HikariPool        : HikariPool-1 - Added connection com.mysql.cj.jdbc.ConnectionImpl@6d30fbaa
2025-04-22T19:42:47.174+02:00  INFO 19360 --- [cinevelvet] [restartedMain] com.zaxxer.hikari.HikariDataSource       : HikariPool-1 - Start completed.
2025-04-22T19:42:47.210+02:00  WARN 19360 --- [cinevelvet] [restartedMain] org.hibernate.orm.deprecation            : HHH90000025: MySQL8Dialect does not need to be specified explicitly using 'hibernate.dialect' (remove the property setting and it will be selected by default)
2025-04-22T19:42:47.211+02:00  WARN 19360 --- [cinevelvet] [restartedMain] org.hibernate.orm.deprecation            : HHH90000026: MySQL8Dialect has been deprecated; use org.hibernate.dialect.MySQLDialect instead
2025-04-22T19:42:47.229+02:00  INFO 19360 --- [cinevelvet] [restartedMain] org.hibernate.orm.connections.pooling    : HHH10001005: Database info:
	Database JDBC URL [Connecting through datasource 'HikariDataSource (HikariPool-1)']
	Database driver: undefined/unknown
	Database version: 8.0
	Autocommit mode: undefined/unknown
	Isolation level: undefined/unknown
	Minimum pool size: undefined/unknown
	Maximum pool size: undefined/unknown
2025-04-22T19:42:48.131+02:00  INFO 19360 --- [cinevelvet] [restartedMain] o.h.e.t.j.p.i.JtaPlatformInitiator       : HHH000489: No JTA platform available (set 'hibernate.transaction.jta.platform' to enable JTA platform integration)
2025-04-22T19:42:48.133+02:00  INFO 19360 --- [cinevelvet] [restartedMain] j.LocalContainerEntityManagerFactoryBean : Initialized JPA EntityManagerFactory for persistence unit 'default'
2025-04-22T19:42:48.650+02:00  WARN 19360 --- [cinevelvet] [restartedMain] JpaBaseConfiguration$JpaWebConfiguration : spring.jpa.open-in-view is enabled by default. Therefore, database queries may be performed during view rendering. Explicitly configure spring.jpa.open-in-view to disable this warning
2025-04-22T19:42:49.327+02:00  INFO 19360 --- [cinevelvet] [restartedMain] o.s.b.d.a.OptionalLiveReloadServer       : LiveReload server is running on port 35729
2025-04-22T19:42:49.338+02:00  INFO 19360 --- [cinevelvet] [restartedMain] o.s.b.a.e.web.EndpointLinksResolver      : Exposing 1 endpoint beneath base path '/actuator'
2025-04-22T19:42:49.414+02:00  INFO 19360 --- [cinevelvet] [restartedMain] o.s.b.w.embedded.tomcat.TomcatWebServer  : Tomcat started on port 8080 (http) with context path '/'
2025-04-22T19:42:49.423+02:00  INFO 19360 --- [cinevelvet] [restartedMain] com.cinevelvet.CinevelvetApplication     : Started CinevelvetApplication in 5.039 seconds (process running for 5.666)
2025-04-22T19:42:49.589+02:00  INFO 19360 --- [cinevelvet] [RMI TCP Connection(1)-192.168.0.110] o.a.c.c.C.[Tomcat].[localhost].[/]       : Initializing Spring DispatcherServlet 'dispatcherServlet'
2025-04-22T19:42:49.589+02:00  INFO 19360 --- [cinevelvet] [RMI TCP Connection(1)-192.168.0.110] o.s.web.servlet.DispatcherServlet        : Initializing Servlet 'dispatcherServlet'
2025-04-22T19:42:49.592+02:00  INFO 19360 --- [cinevelvet] [RMI TCP Connection(1)-192.168.0.110] o.s.web.servlet.DispatcherServlet        : Completed initialization in 3 ms
2025-04-22T19:44:08.301+02:00  INFO 19360 --- [cinevelvet] [SpringApplicationShutdownHook] o.s.b.w.e.tomcat.GracefulShutdown        : Commencing graceful shutdown. Waiting for active requests to complete
2025-04-22T19:44:08.303+02:00  INFO 19360 --- [cinevelvet] [tomcat-shutdown] o.s.b.w.e.tomcat.GracefulShutdown        : Graceful shutdown complete
2025-04-22T19:44:08.316+02:00  INFO 19360 --- [cinevelvet] [SpringApplicationShutdownHook] j.LocalContainerEntityManagerFactoryBean : Closing JPA EntityManagerFactory for persistence unit 'default'
2025-04-22T19:44:08.321+02:00  INFO 19360 --- [cinevelvet] [SpringApplicationShutdownHook] com.zaxxer.hikari.HikariDataSource       : HikariPool-1 - Shutdown initiated...
2025-04-22T19:44:08.325+02:00  INFO 19360 --- [cinevelvet] [SpringApplicationShutdownHook] com.zaxxer.hikari.HikariDataSource       : HikariPool-1 - Shutdown completed.
2025-04-22T19:45:35.451+02:00  INFO 14712 --- [cinevelvet] [restartedMain] com.cinevelvet.CinevelvetApplication     : Starting CinevelvetApplication using Java 21.0.4 with PID 14712 (C:\Users\maria\OneDrive\Escritorio\CineVelvet\cinevelvet-backend\cinevelvet\target\classes started by maria in C:\Users\maria\OneDrive\Escritorio\CineVelvet\cinevelvet-backend)
2025-04-22T19:45:35.454+02:00 DEBUG 14712 --- [cinevelvet] [restartedMain] com.cinevelvet.CinevelvetApplication     : Running with Spring Boot v3.4.4, Spring v6.2.5
2025-04-22T19:45:35.454+02:00  INFO 14712 --- [cinevelvet] [restartedMain] com.cinevelvet.CinevelvetApplication     : No active profile set, falling back to 1 default profile: "default"
2025-04-22T19:45:35.533+02:00  INFO 14712 --- [cinevelvet] [restartedMain] .e.DevToolsPropertyDefaultsPostProcessor : Devtools property defaults active! Set 'spring.devtools.add-properties' to 'false' to disable
2025-04-22T19:45:35.533+02:00  INFO 14712 --- [cinevelvet] [restartedMain] .e.DevToolsPropertyDefaultsPostProcessor : For additional web related logging consider setting the 'logging.level.web' property to 'DEBUG'
2025-04-22T19:45:37.235+02:00  INFO 14712 --- [cinevelvet] [restartedMain] .s.d.r.c.RepositoryConfigurationDelegate : Bootstrapping Spring Data JPA repositories in DEFAULT mode.
2025-04-22T19:45:37.355+02:00  INFO 14712 --- [cinevelvet] [restartedMain] .s.d.r.c.RepositoryConfigurationDelegate : Finished Spring Data repository scanning in 103 ms. Found 7 JPA repository interfaces.
2025-04-22T19:45:38.474+02:00  INFO 14712 --- [cinevelvet] [restartedMain] o.s.b.w.embedded.tomcat.TomcatWebServer  : Tomcat initialized with port 8080 (http)
2025-04-22T19:45:38.492+02:00  INFO 14712 --- [cinevelvet] [restartedMain] o.apache.catalina.core.StandardService   : Starting service [Tomcat]
2025-04-22T19:45:38.492+02:00  INFO 14712 --- [cinevelvet] [restartedMain] o.apache.catalina.core.StandardEngine    : Starting Servlet engine: [Apache Tomcat/10.1.39]
2025-04-22T19:45:38.551+02:00  INFO 14712 --- [cinevelvet] [restartedMain] o.a.c.c.C.[Tomcat].[localhost].[/]       : Initializing Spring embedded WebApplicationContext
2025-04-22T19:45:38.551+02:00  INFO 14712 --- [cinevelvet] [restartedMain] w.s.c.ServletWebServerApplicationContext : Root WebApplicationContext: initialization completed in 3015 ms
2025-04-22T19:45:39.035+02:00  INFO 14712 --- [cinevelvet] [restartedMain] o.hibernate.jpa.internal.util.LogHelper  : HHH000204: Processing PersistenceUnitInfo [name: default]
2025-04-22T19:45:39.107+02:00  INFO 14712 --- [cinevelvet] [restartedMain] org.hibernate.Version                    : HHH000412: Hibernate ORM core version 6.6.11.Final
2025-04-22T19:45:39.153+02:00  INFO 14712 --- [cinevelvet] [restartedMain] o.h.c.internal.RegionFactoryInitiator    : HHH000026: Second-level cache disabled
2025-04-22T19:45:39.467+02:00  INFO 14712 --- [cinevelvet] [restartedMain] o.s.o.j.p.SpringPersistenceUnitInfo      : No LoadTimeWeaver setup: ignoring JPA class transformer
2025-04-22T19:45:39.505+02:00  INFO 14712 --- [cinevelvet] [restartedMain] com.zaxxer.hikari.HikariDataSource       : HikariPool-1 - Starting...
2025-04-22T19:45:40.055+02:00  INFO 14712 --- [cinevelvet] [restartedMain] com.zaxxer.hikari.pool.HikariPool        : HikariPool-1 - Added connection com.mysql.cj.jdbc.ConnectionImpl@27848167
2025-04-22T19:45:40.055+02:00  INFO 14712 --- [cinevelvet] [restartedMain] com.zaxxer.hikari.HikariDataSource       : HikariPool-1 - Start completed.
2025-04-22T19:45:40.119+02:00  WARN 14712 --- [cinevelvet] [restartedMain] org.hibernate.orm.deprecation            : HHH90000025: MySQL8Dialect does not need to be specified explicitly using 'hibernate.dialect' (remove the property setting and it will be selected by default)
2025-04-22T19:45:40.119+02:00  WARN 14712 --- [cinevelvet] [restartedMain] org.hibernate.orm.deprecation            : HHH90000026: MySQL8Dialect has been deprecated; use org.hibernate.dialect.MySQLDialect instead
2025-04-22T19:45:40.134+02:00  INFO 14712 --- [cinevelvet] [restartedMain] org.hibernate.orm.connections.pooling    : HHH10001005: Database info:
	Database JDBC URL [Connecting through datasource 'HikariDataSource (HikariPool-1)']
	Database driver: undefined/unknown
	Database version: 8.0
	Autocommit mode: undefined/unknown
	Isolation level: undefined/unknown
	Minimum pool size: undefined/unknown
	Maximum pool size: undefined/unknown
2025-04-22T19:45:41.487+02:00  INFO 14712 --- [cinevelvet] [restartedMain] o.h.e.t.j.p.i.JtaPlatformInitiator       : HHH000489: No JTA platform available (set 'hibernate.transaction.jta.platform' to enable JTA platform integration)
2025-04-22T19:45:41.490+02:00  INFO 14712 --- [cinevelvet] [restartedMain] j.LocalContainerEntityManagerFactoryBean : Initialized JPA EntityManagerFactory for persistence unit 'default'
2025-04-22T19:45:42.279+02:00  WARN 14712 --- [cinevelvet] [restartedMain] JpaBaseConfiguration$JpaWebConfiguration : spring.jpa.open-in-view is enabled by default. Therefore, database queries may be performed during view rendering. Explicitly configure spring.jpa.open-in-view to disable this warning
2025-04-22T19:45:43.398+02:00  INFO 14712 --- [cinevelvet] [restartedMain] o.s.b.d.a.OptionalLiveReloadServer       : LiveReload server is running on port 35729
2025-04-22T19:45:43.414+02:00  INFO 14712 --- [cinevelvet] [restartedMain] o.s.b.a.e.web.EndpointLinksResolver      : Exposing 1 endpoint beneath base path '/actuator'
2025-04-22T19:45:43.533+02:00  INFO 14712 --- [cinevelvet] [restartedMain] o.s.b.w.embedded.tomcat.TomcatWebServer  : Tomcat started on port 8080 (http) with context path '/'
2025-04-22T19:45:43.550+02:00  INFO 14712 --- [cinevelvet] [restartedMain] com.cinevelvet.CinevelvetApplication     : Started CinevelvetApplication in 9.138 seconds (process running for 11.089)
2025-04-22T19:45:44.277+02:00  INFO 14712 --- [cinevelvet] [RMI TCP Connection(1)-192.168.0.110] o.a.c.c.C.[Tomcat].[localhost].[/]       : Initializing Spring DispatcherServlet 'dispatcherServlet'
2025-04-22T19:45:44.279+02:00  INFO 14712 --- [cinevelvet] [RMI TCP Connection(1)-192.168.0.110] o.s.web.servlet.DispatcherServlet        : Initializing Servlet 'dispatcherServlet'
2025-04-22T19:45:44.283+02:00  INFO 14712 --- [cinevelvet] [RMI TCP Connection(1)-192.168.0.110] o.s.web.servlet.DispatcherServlet        : Completed initialization in 4 ms
2025-04-22T19:46:30.519+02:00  INFO 14712 --- [cinevelvet] [SpringApplicationShutdownHook] o.s.b.w.e.tomcat.GracefulShutdown        : Commencing graceful shutdown. Waiting for active requests to complete
2025-04-22T19:46:30.527+02:00  INFO 14712 --- [cinevelvet] [tomcat-shutdown] o.s.b.w.e.tomcat.GracefulShutdown        : Graceful shutdown complete
2025-04-22T19:46:30.529+02:00  INFO 14712 --- [cinevelvet] [SpringApplicationShutdownHook] j.LocalContainerEntityManagerFactoryBean : Closing JPA EntityManagerFactory for persistence unit 'default'
2025-04-22T19:46:30.538+02:00  INFO 14712 --- [cinevelvet] [SpringApplicationShutdownHook] com.zaxxer.hikari.HikariDataSource       : HikariPool-1 - Shutdown initiated...
2025-04-22T19:46:30.538+02:00  INFO 14712 --- [cinevelvet] [SpringApplicationShutdownHook] com.zaxxer.hikari.HikariDataSource       : HikariPool-1 - Shutdown completed.
