2025-06-06T08:19:46.461+02:00  INFO 18328 --- [cinevelvet] [restartedMain] com.cinevelvet.CinevelvetApplication     : Starting CinevelvetApplication using Java 21.0.4 with PID 18328 (C:\Users\maria\OneDrive\Escritorio\CineVelvet\cinevelvet-backend\target\classes started by maria in C:\Users\maria\OneDrive\Escritorio\CineVelvet\cinevelvet-backend)
2025-06-06T08:19:46.467+02:00 DEBUG 18328 --- [cinevelvet] [restartedMain] com.cinevelvet.CinevelvetApplication     : Running with Spring Boot v3.4.4, Spring v6.2.5
2025-06-06T08:19:46.469+02:00  INFO 18328 --- [cinevelvet] [restartedMain] com.cinevelvet.CinevelvetApplication     : No active profile set, falling back to 1 default profile: "default"
2025-06-06T08:19:46.543+02:00  INFO 18328 --- [cinevelvet] [restartedMain] .e.DevToolsPropertyDefaultsPostProcessor : Devtools property defaults active! Set 'spring.devtools.add-properties' to 'false' to disable
2025-06-06T08:19:46.543+02:00  INFO 18328 --- [cinevelvet] [restartedMain] .e.DevToolsPropertyDefaultsPostProcessor : For additional web related logging consider setting the 'logging.level.web' property to 'DEBUG'
2025-06-06T08:19:48.870+02:00  INFO 18328 --- [cinevelvet] [restartedMain] .s.d.r.c.RepositoryConfigurationDelegate : Bootstrapping Spring Data JPA repositories in DEFAULT mode.
2025-06-06T08:19:49.134+02:00  INFO 18328 --- [cinevelvet] [restartedMain] .s.d.r.c.RepositoryConfigurationDelegate : Finished Spring Data repository scanning in 236 ms. Found 7 JPA repository interfaces.
2025-06-06T08:19:51.582+02:00  INFO 18328 --- [cinevelvet] [restartedMain] o.s.b.w.embedded.tomcat.TomcatWebServer  : Tomcat initialized with port 8080 (http)
2025-06-06T08:19:51.606+02:00  INFO 18328 --- [cinevelvet] [restartedMain] o.apache.catalina.core.StandardService   : Starting service [Tomcat]
2025-06-06T08:19:51.607+02:00  INFO 18328 --- [cinevelvet] [restartedMain] o.apache.catalina.core.StandardEngine    : Starting Servlet engine: [Apache Tomcat/10.1.39]
2025-06-06T08:19:51.709+02:00  INFO 18328 --- [cinevelvet] [restartedMain] o.a.c.c.C.[Tomcat].[localhost].[/]       : Initializing Spring embedded WebApplicationContext
2025-06-06T08:19:51.710+02:00  INFO 18328 --- [cinevelvet] [restartedMain] w.s.c.ServletWebServerApplicationContext : Root WebApplicationContext: initialization completed in 5156 ms
2025-06-06T08:19:52.438+02:00  INFO 18328 --- [cinevelvet] [restartedMain] o.hibernate.jpa.internal.util.LogHelper  : HHH000204: Processing PersistenceUnitInfo [name: default]
2025-06-06T08:19:52.599+02:00  INFO 18328 --- [cinevelvet] [restartedMain] org.hibernate.Version                    : HHH000412: Hibernate ORM core version 6.6.11.Final
2025-06-06T08:19:52.763+02:00  INFO 18328 --- [cinevelvet] [restartedMain] o.h.c.internal.RegionFactoryInitiator    : HHH000026: Second-level cache disabled
2025-06-06T08:19:54.137+02:00  INFO 18328 --- [cinevelvet] [restartedMain] o.s.o.j.p.SpringPersistenceUnitInfo      : No LoadTimeWeaver setup: ignoring JPA class transformer
2025-06-06T08:19:54.267+02:00  INFO 18328 --- [cinevelvet] [restartedMain] com.zaxxer.hikari.HikariDataSource       : HikariPool-1 - Starting...
2025-06-06T08:19:55.444+02:00  INFO 18328 --- [cinevelvet] [restartedMain] com.zaxxer.hikari.pool.HikariPool        : HikariPool-1 - Added connection com.mysql.cj.jdbc.ConnectionImpl@18a08480
2025-06-06T08:19:55.448+02:00  INFO 18328 --- [cinevelvet] [restartedMain] com.zaxxer.hikari.HikariDataSource       : HikariPool-1 - Start completed.
2025-06-06T08:19:55.577+02:00  WARN 18328 --- [cinevelvet] [restartedMain] org.hibernate.orm.deprecation            : HHH90000025: MySQL8Dialect does not need to be specified explicitly using 'hibernate.dialect' (remove the property setting and it will be selected by default)
2025-06-06T08:19:55.580+02:00  WARN 18328 --- [cinevelvet] [restartedMain] org.hibernate.orm.deprecation            : HHH90000026: MySQL8Dialect has been deprecated; use org.hibernate.dialect.MySQLDialect instead
2025-06-06T08:19:55.662+02:00  INFO 18328 --- [cinevelvet] [restartedMain] org.hibernate.orm.connections.pooling    : HHH10001005: Database info:
	Database JDBC URL [Connecting through datasource 'HikariDataSource (HikariPool-1)']
	Database driver: undefined/unknown
	Database version: 8.0
	Autocommit mode: undefined/unknown
	Isolation level: undefined/unknown
	Minimum pool size: undefined/unknown
	Maximum pool size: undefined/unknown
2025-06-06T08:19:58.553+02:00  INFO 18328 --- [cinevelvet] [restartedMain] o.h.e.t.j.p.i.JtaPlatformInitiator       : HHH000489: No JTA platform available (set 'hibernate.transaction.jta.platform' to enable JTA platform integration)
2025-06-06T08:19:58.558+02:00  INFO 18328 --- [cinevelvet] [restartedMain] j.LocalContainerEntityManagerFactoryBean : Initialized JPA EntityManagerFactory for persistence unit 'default'
2025-06-06T08:20:00.323+02:00  WARN 18328 --- [cinevelvet] [restartedMain] JpaBaseConfiguration$JpaWebConfiguration : spring.jpa.open-in-view is enabled by default. Therefore, database queries may be performed during view rendering. Explicitly configure spring.jpa.open-in-view to disable this warning
2025-06-06T08:20:02.975+02:00  INFO 18328 --- [cinevelvet] [restartedMain] o.s.b.d.a.OptionalLiveReloadServer       : LiveReload server is running on port 35729
2025-06-06T08:20:03.011+02:00  INFO 18328 --- [cinevelvet] [restartedMain] o.s.b.a.e.web.EndpointLinksResolver      : Exposing 1 endpoint beneath base path '/actuator'
2025-06-06T08:20:03.295+02:00  INFO 18328 --- [cinevelvet] [restartedMain] o.s.b.w.embedded.tomcat.TomcatWebServer  : Tomcat started on port 8080 (http) with context path '/'
2025-06-06T08:20:03.330+02:00  INFO 18328 --- [cinevelvet] [restartedMain] com.cinevelvet.CinevelvetApplication     : Started CinevelvetApplication in 17.578 seconds (process running for 18.72)
2025-06-06T08:20:04.356+02:00  INFO 18328 --- [cinevelvet] [RMI TCP Connection(2)-192.168.0.102] o.a.c.c.C.[Tomcat].[localhost].[/]       : Initializing Spring DispatcherServlet 'dispatcherServlet'
2025-06-06T08:20:04.356+02:00  INFO 18328 --- [cinevelvet] [RMI TCP Connection(2)-192.168.0.102] o.s.web.servlet.DispatcherServlet        : Initializing Servlet 'dispatcherServlet'
2025-06-06T08:20:04.366+02:00  INFO 18328 --- [cinevelvet] [RMI TCP Connection(2)-192.168.0.102] o.s.web.servlet.DispatcherServlet        : Completed initialization in 8 ms
2025-06-06T11:48:15.914+02:00  INFO 18328 --- [cinevelvet] [File Watcher] rtingClassPathChangeChangedEventListener : Restarting due to 1 class path change (1 addition, 0 deletions, 0 modifications)
2025-06-06T11:48:15.922+02:00  INFO 18328 --- [cinevelvet] [Thread-5] o.s.b.w.e.tomcat.GracefulShutdown        : Commencing graceful shutdown. Waiting for active requests to complete
2025-06-06T11:48:15.935+02:00  INFO 18328 --- [cinevelvet] [tomcat-shutdown] o.s.b.w.e.tomcat.GracefulShutdown        : Graceful shutdown complete
2025-06-06T11:48:15.946+02:00  INFO 18328 --- [cinevelvet] [Thread-5] j.LocalContainerEntityManagerFactoryBean : Closing JPA EntityManagerFactory for persistence unit 'default'
2025-06-06T11:48:15.952+02:00  INFO 18328 --- [cinevelvet] [Thread-5] com.zaxxer.hikari.HikariDataSource       : HikariPool-1 - Shutdown initiated...
2025-06-06T11:48:15.955+02:00  INFO 18328 --- [cinevelvet] [Thread-5] com.zaxxer.hikari.HikariDataSource       : HikariPool-1 - Shutdown completed.
2025-06-06T11:48:16.066+02:00  INFO 18328 --- [cinevelvet] [restartedMain] com.cinevelvet.CinevelvetApplication     : Starting CinevelvetApplication using Java 21.0.4 with PID 18328 (C:\Users\maria\OneDrive\Escritorio\CineVelvet\cinevelvet-backend\target\classes started by maria in C:\Users\maria\OneDrive\Escritorio\CineVelvet\cinevelvet-backend)
2025-06-06T11:48:16.066+02:00 DEBUG 18328 --- [cinevelvet] [restartedMain] com.cinevelvet.CinevelvetApplication     : Running with Spring Boot v3.4.4, Spring v6.2.5
2025-06-06T11:48:16.067+02:00  INFO 18328 --- [cinevelvet] [restartedMain] com.cinevelvet.CinevelvetApplication     : No active profile set, falling back to 1 default profile: "default"
2025-06-06T11:48:16.460+02:00  INFO 18328 --- [cinevelvet] [restartedMain] .s.d.r.c.RepositoryConfigurationDelegate : Bootstrapping Spring Data JPA repositories in DEFAULT mode.
2025-06-06T11:48:16.469+02:00  WARN 18328 --- [cinevelvet] [restartedMain] ConfigServletWebServerApplicationContext : Exception encountered during context initialization - cancelling refresh attempt: java.lang.TypeNotPresentException: Type com.cinevelvet.model.Butaca not present
2025-06-06T11:48:16.476+02:00  INFO 18328 --- [cinevelvet] [restartedMain] .s.b.a.l.ConditionEvaluationReportLogger : 

Error starting ApplicationContext. To display the condition evaluation report re-run your application with 'debug' enabled.
2025-06-06T11:48:16.502+02:00 ERROR 18328 --- [cinevelvet] [restartedMain] o.s.boot.SpringApplication               : Application run failed

java.lang.TypeNotPresentException: Type com.cinevelvet.model.Butaca not present
	at java.base/sun.reflect.generics.factory.CoreReflectionFactory.makeNamedType(CoreReflectionFactory.java:117) ~[na:na]
	at java.base/sun.reflect.generics.visitor.Reifier.visitClassTypeSignature(Reifier.java:125) ~[na:na]
	at java.base/sun.reflect.generics.tree.ClassTypeSignature.accept(ClassTypeSignature.java:49) ~[na:na]
	at java.base/sun.reflect.generics.visitor.Reifier.reifyTypeArguments(Reifier.java:68) ~[na:na]
	at java.base/sun.reflect.generics.visitor.Reifier.visitClassTypeSignature(Reifier.java:138) ~[na:na]
	at java.base/sun.reflect.generics.tree.ClassTypeSignature.accept(ClassTypeSignature.java:49) ~[na:na]
	at java.base/sun.reflect.generics.repository.ClassRepository.computeSuperInterfaces(ClassRepository.java:117) ~[na:na]
	at java.base/sun.reflect.generics.repository.ClassRepository.getSuperInterfaces(ClassRepository.java:95) ~[na:na]
	at java.base/java.lang.Class.getGenericInterfaces(Class.java:1296) ~[na:na]
	at org.springframework.core.ResolvableType.getInterfaces(ResolvableType.java:553) ~[spring-core-6.2.5.jar:6.2.5]
	at org.springframework.core.ResolvableType.as(ResolvableType.java:501) ~[spring-core-6.2.5.jar:6.2.5]
	at org.springframework.data.util.TypeDiscoverer.getSuperTypeInformation(TypeDiscoverer.java:263) ~[spring-data-commons-3.4.4.jar:3.4.4]
	at org.springframework.data.util.ClassTypeInformation.getSuperTypeInformation(ClassTypeInformation.java:37) ~[spring-data-commons-3.4.4.jar:3.4.4]
	at org.springframework.data.util.TypeInformation.getRequiredSuperTypeInformation(TypeInformation.java:327) ~[spring-data-commons-3.4.4.jar:3.4.4]
	at org.springframework.data.repository.core.support.DefaultRepositoryMetadata.<init>(DefaultRepositoryMetadata.java:55) ~[spring-data-commons-3.4.4.jar:3.4.4]
	at org.springframework.data.repository.core.support.AbstractRepositoryMetadata.getMetadata(AbstractRepositoryMetadata.java:79) ~[spring-data-commons-3.4.4.jar:3.4.4]
	at org.springframework.data.repository.config.RepositoryConfigurationExtensionSupport.getRepositoryConfigurations(RepositoryConfigurationExtensionSupport.java:93) ~[spring-data-commons-3.4.4.jar:3.4.4]
	at org.springframework.data.repository.config.RepositoryConfigurationDelegate.registerRepositoriesIn(RepositoryConfigurationDelegate.java:168) ~[spring-data-commons-3.4.4.jar:3.4.4]
	at org.springframework.boot.autoconfigure.data.AbstractRepositoryConfigurationSourceSupport.registerBeanDefinitions(AbstractRepositoryConfigurationSourceSupport.java:62) ~[spring-boot-autoconfigure-3.4.4.jar:3.4.4]
	at org.springframework.context.annotation.ConfigurationClassBeanDefinitionReader.lambda$loadBeanDefinitionsFromRegistrars$1(ConfigurationClassBeanDefinitionReader.java:397) ~[spring-context-6.2.5.jar:6.2.5]
	at java.base/java.util.LinkedHashMap.forEach(LinkedHashMap.java:986) ~[na:na]
	at org.springframework.context.annotation.ConfigurationClassBeanDefinitionReader.loadBeanDefinitionsFromRegistrars(ConfigurationClassBeanDefinitionReader.java:396) ~[spring-context-6.2.5.jar:6.2.5]
	at org.springframework.context.annotation.ConfigurationClassBeanDefinitionReader.loadBeanDefinitionsForConfigurationClass(ConfigurationClassBeanDefinitionReader.java:149) ~[spring-context-6.2.5.jar:6.2.5]
	at org.springframework.context.annotation.ConfigurationClassBeanDefinitionReader.loadBeanDefinitions(ConfigurationClassBeanDefinitionReader.java:121) ~[spring-context-6.2.5.jar:6.2.5]
	at org.springframework.context.annotation.ConfigurationClassPostProcessor.processConfigBeanDefinitions(ConfigurationClassPostProcessor.java:430) ~[spring-context-6.2.5.jar:6.2.5]
	at org.springframework.context.annotation.ConfigurationClassPostProcessor.postProcessBeanDefinitionRegistry(ConfigurationClassPostProcessor.java:290) ~[spring-context-6.2.5.jar:6.2.5]
	at org.springframework.context.support.PostProcessorRegistrationDelegate.invokeBeanDefinitionRegistryPostProcessors(PostProcessorRegistrationDelegate.java:349) ~[spring-context-6.2.5.jar:6.2.5]
	at org.springframework.context.support.PostProcessorRegistrationDelegate.invokeBeanFactoryPostProcessors(PostProcessorRegistrationDelegate.java:118) ~[spring-context-6.2.5.jar:6.2.5]
	at org.springframework.context.support.AbstractApplicationContext.invokeBeanFactoryPostProcessors(AbstractApplicationContext.java:791) ~[spring-context-6.2.5.jar:6.2.5]
	at org.springframework.context.support.AbstractApplicationContext.refresh(AbstractApplicationContext.java:609) ~[spring-context-6.2.5.jar:6.2.5]
	at org.springframework.boot.web.servlet.context.ServletWebServerApplicationContext.refresh(ServletWebServerApplicationContext.java:146) ~[spring-boot-3.4.4.jar:3.4.4]
	at org.springframework.boot.SpringApplication.refresh(SpringApplication.java:752) ~[spring-boot-3.4.4.jar:3.4.4]
	at org.springframework.boot.SpringApplication.refreshContext(SpringApplication.java:439) ~[spring-boot-3.4.4.jar:3.4.4]
	at org.springframework.boot.SpringApplication.run(SpringApplication.java:318) ~[spring-boot-3.4.4.jar:3.4.4]
	at org.springframework.boot.SpringApplication.run(SpringApplication.java:1361) ~[spring-boot-3.4.4.jar:3.4.4]
	at org.springframework.boot.SpringApplication.run(SpringApplication.java:1350) ~[spring-boot-3.4.4.jar:3.4.4]
	at com.cinevelvet.CinevelvetApplication.main(CinevelvetApplication.java:10) ~[classes/:na]
	at java.base/jdk.internal.reflect.DirectMethodHandleAccessor.invoke(DirectMethodHandleAccessor.java:103) ~[na:na]
	at java.base/java.lang.reflect.Method.invoke(Method.java:580) ~[na:na]
	at org.springframework.boot.devtools.restart.RestartLauncher.run(RestartLauncher.java:50) ~[spring-boot-devtools-3.4.4.jar:3.4.4]
Caused by: java.lang.ClassNotFoundException: com.cinevelvet.model.Butaca
	at java.base/jdk.internal.loader.BuiltinClassLoader.loadClass(BuiltinClassLoader.java:641) ~[na:na]
	at java.base/jdk.internal.loader.ClassLoaders$AppClassLoader.loadClass(ClassLoaders.java:188) ~[na:na]
	at java.base/java.lang.ClassLoader.loadClass(ClassLoader.java:526) ~[na:na]
	at java.base/java.lang.Class.forName0(Native Method) ~[na:na]
	at java.base/java.lang.Class.forName(Class.java:534) ~[na:na]
	at java.base/java.lang.Class.forName(Class.java:513) ~[na:na]
	at org.springframework.boot.devtools.restart.classloader.RestartClassLoader.loadClass(RestartClassLoader.java:121) ~[spring-boot-devtools-3.4.4.jar:3.4.4]
	at java.base/java.lang.ClassLoader.loadClass(ClassLoader.java:526) ~[na:na]
	at java.base/java.lang.Class.forName0(Native Method) ~[na:na]
	at java.base/java.lang.Class.forName(Class.java:534) ~[na:na]
	at java.base/java.lang.Class.forName(Class.java:513) ~[na:na]
	at java.base/sun.reflect.generics.factory.CoreReflectionFactory.makeNamedType(CoreReflectionFactory.java:114) ~[na:na]
	... 39 common frames omitted

2025-06-06T11:48:17.973+02:00  INFO 18328 --- [cinevelvet] [restartedMain] com.cinevelvet.CinevelvetApplication     : Starting CinevelvetApplication using Java 21.0.4 with PID 18328 (C:\Users\maria\OneDrive\Escritorio\CineVelvet\cinevelvet-backend\target\classes started by maria in C:\Users\maria\OneDrive\Escritorio\CineVelvet\cinevelvet-backend)
2025-06-06T11:48:17.973+02:00 DEBUG 18328 --- [cinevelvet] [restartedMain] com.cinevelvet.CinevelvetApplication     : Running with Spring Boot v3.4.4, Spring v6.2.5
2025-06-06T11:48:17.974+02:00  INFO 18328 --- [cinevelvet] [restartedMain] com.cinevelvet.CinevelvetApplication     : No active profile set, falling back to 1 default profile: "default"
2025-06-06T11:48:18.463+02:00  INFO 18328 --- [cinevelvet] [restartedMain] .s.d.r.c.RepositoryConfigurationDelegate : Bootstrapping Spring Data JPA repositories in DEFAULT mode.
2025-06-06T11:48:18.500+02:00  INFO 18328 --- [cinevelvet] [restartedMain] .s.d.r.c.RepositoryConfigurationDelegate : Finished Spring Data repository scanning in 36 ms. Found 7 JPA repository interfaces.
2025-06-06T11:48:18.829+02:00  INFO 18328 --- [cinevelvet] [restartedMain] o.s.b.w.embedded.tomcat.TomcatWebServer  : Tomcat initialized with port 8080 (http)
2025-06-06T11:48:18.829+02:00  INFO 18328 --- [cinevelvet] [restartedMain] o.apache.catalina.core.StandardService   : Starting service [Tomcat]
2025-06-06T11:48:18.836+02:00  INFO 18328 --- [cinevelvet] [restartedMain] o.apache.catalina.core.StandardEngine    : Starting Servlet engine: [Apache Tomcat/10.1.39]
2025-06-06T11:48:18.856+02:00  INFO 18328 --- [cinevelvet] [restartedMain] o.a.c.c.C.[Tomcat].[localhost].[/]       : Initializing Spring embedded WebApplicationContext
2025-06-06T11:48:18.856+02:00  INFO 18328 --- [cinevelvet] [restartedMain] w.s.c.ServletWebServerApplicationContext : Root WebApplicationContext: initialization completed in 877 ms
2025-06-06T11:48:19.094+02:00  INFO 18328 --- [cinevelvet] [restartedMain] o.hibernate.jpa.internal.util.LogHelper  : HHH000204: Processing PersistenceUnitInfo [name: default]
2025-06-06T11:48:19.099+02:00  INFO 18328 --- [cinevelvet] [restartedMain] o.h.c.internal.RegionFactoryInitiator    : HHH000026: Second-level cache disabled
2025-06-06T11:48:19.118+02:00  INFO 18328 --- [cinevelvet] [restartedMain] o.s.o.j.p.SpringPersistenceUnitInfo      : No LoadTimeWeaver setup: ignoring JPA class transformer
2025-06-06T11:48:19.118+02:00  INFO 18328 --- [cinevelvet] [restartedMain] com.zaxxer.hikari.HikariDataSource       : HikariPool-2 - Starting...
2025-06-06T11:48:19.134+02:00  INFO 18328 --- [cinevelvet] [restartedMain] com.zaxxer.hikari.pool.HikariPool        : HikariPool-2 - Added connection com.mysql.cj.jdbc.ConnectionImpl@8ad1ff1
2025-06-06T11:48:19.136+02:00  INFO 18328 --- [cinevelvet] [restartedMain] com.zaxxer.hikari.HikariDataSource       : HikariPool-2 - Start completed.
2025-06-06T11:48:19.136+02:00  WARN 18328 --- [cinevelvet] [restartedMain] org.hibernate.orm.deprecation            : HHH90000025: MySQL8Dialect does not need to be specified explicitly using 'hibernate.dialect' (remove the property setting and it will be selected by default)
2025-06-06T11:48:19.136+02:00  WARN 18328 --- [cinevelvet] [restartedMain] org.hibernate.orm.deprecation            : HHH90000026: MySQL8Dialect has been deprecated; use org.hibernate.dialect.MySQLDialect instead
2025-06-06T11:48:19.138+02:00  INFO 18328 --- [cinevelvet] [restartedMain] org.hibernate.orm.connections.pooling    : HHH10001005: Database info:
	Database JDBC URL [Connecting through datasource 'HikariDataSource (HikariPool-2)']
	Database driver: undefined/unknown
	Database version: 8.0
	Autocommit mode: undefined/unknown
	Isolation level: undefined/unknown
	Minimum pool size: undefined/unknown
	Maximum pool size: undefined/unknown
2025-06-06T11:48:19.341+02:00  INFO 18328 --- [cinevelvet] [restartedMain] o.h.e.t.j.p.i.JtaPlatformInitiator       : HHH000489: No JTA platform available (set 'hibernate.transaction.jta.platform' to enable JTA platform integration)
2025-06-06T11:48:19.341+02:00  INFO 18328 --- [cinevelvet] [restartedMain] j.LocalContainerEntityManagerFactoryBean : Initialized JPA EntityManagerFactory for persistence unit 'default'
2025-06-06T11:48:19.651+02:00  WARN 18328 --- [cinevelvet] [restartedMain] ConfigServletWebServerApplicationContext : Exception encountered during context initialization - cancelling refresh attempt: org.springframework.beans.factory.UnsatisfiedDependencyException: Error creating bean with name 'reservaController' defined in file [C:\Users\maria\OneDrive\Escritorio\CineVelvet\cinevelvet-backend\target\classes\com\cinevelvet\controller\ReservaController.class]: Unsatisfied dependency expressed through constructor parameter 1: No qualifying bean of type 'com.cinevelvet.service.PDFService' available: expected at least 1 bean which qualifies as autowire candidate. Dependency annotations: {}
2025-06-06T11:48:19.651+02:00  INFO 18328 --- [cinevelvet] [restartedMain] j.LocalContainerEntityManagerFactoryBean : Closing JPA EntityManagerFactory for persistence unit 'default'
2025-06-06T11:48:19.651+02:00  INFO 18328 --- [cinevelvet] [restartedMain] com.zaxxer.hikari.HikariDataSource       : HikariPool-2 - Shutdown initiated...
2025-06-06T11:48:19.662+02:00  INFO 18328 --- [cinevelvet] [restartedMain] com.zaxxer.hikari.HikariDataSource       : HikariPool-2 - Shutdown completed.
2025-06-06T11:48:19.663+02:00  INFO 18328 --- [cinevelvet] [restartedMain] o.apache.catalina.core.StandardService   : Stopping service [Tomcat]
2025-06-06T11:48:19.671+02:00  INFO 18328 --- [cinevelvet] [restartedMain] .s.b.a.l.ConditionEvaluationReportLogger : 

Error starting ApplicationContext. To display the condition evaluation report re-run your application with 'debug' enabled.
2025-06-06T11:48:19.684+02:00 ERROR 18328 --- [cinevelvet] [restartedMain] o.s.b.d.LoggingFailureAnalysisReporter   : 

***************************
APPLICATION FAILED TO START
***************************

Description:

Parameter 1 of constructor in com.cinevelvet.controller.ReservaController required a bean of type 'com.cinevelvet.service.PDFService' that could not be found.


Action:

Consider defining a bean of type 'com.cinevelvet.service.PDFService' in your configuration.

2025-06-06T11:48:21.147+02:00  INFO 18328 --- [cinevelvet] [restartedMain] com.cinevelvet.CinevelvetApplication     : Starting CinevelvetApplication using Java 21.0.4 with PID 18328 (C:\Users\maria\OneDrive\Escritorio\CineVelvet\cinevelvet-backend\target\classes started by maria in C:\Users\maria\OneDrive\Escritorio\CineVelvet\cinevelvet-backend)
2025-06-06T11:48:21.147+02:00 DEBUG 18328 --- [cinevelvet] [restartedMain] com.cinevelvet.CinevelvetApplication     : Running with Spring Boot v3.4.4, Spring v6.2.5
2025-06-06T11:48:21.147+02:00  INFO 18328 --- [cinevelvet] [restartedMain] com.cinevelvet.CinevelvetApplication     : No active profile set, falling back to 1 default profile: "default"
2025-06-06T11:48:21.485+02:00  INFO 18328 --- [cinevelvet] [restartedMain] .s.d.r.c.RepositoryConfigurationDelegate : Bootstrapping Spring Data JPA repositories in DEFAULT mode.
2025-06-06T11:48:21.500+02:00  INFO 18328 --- [cinevelvet] [restartedMain] .s.d.r.c.RepositoryConfigurationDelegate : Finished Spring Data repository scanning in 13 ms. Found 7 JPA repository interfaces.
2025-06-06T11:48:21.599+02:00  INFO 18328 --- [cinevelvet] [restartedMain] o.s.b.w.embedded.tomcat.TomcatWebServer  : Tomcat initialized with port 8080 (http)
2025-06-06T11:48:21.601+02:00  INFO 18328 --- [cinevelvet] [restartedMain] o.apache.catalina.core.StandardService   : Starting service [Tomcat]
2025-06-06T11:48:21.601+02:00  INFO 18328 --- [cinevelvet] [restartedMain] o.apache.catalina.core.StandardEngine    : Starting Servlet engine: [Apache Tomcat/10.1.39]
2025-06-06T11:48:21.606+02:00  INFO 18328 --- [cinevelvet] [restartedMain] o.a.c.c.C.[Tomcat-1].[localhost].[/]     : Initializing Spring embedded WebApplicationContext
2025-06-06T11:48:21.606+02:00  INFO 18328 --- [cinevelvet] [restartedMain] w.s.c.ServletWebServerApplicationContext : Root WebApplicationContext: initialization completed in 457 ms
2025-06-06T11:48:21.720+02:00  INFO 18328 --- [cinevelvet] [restartedMain] o.hibernate.jpa.internal.util.LogHelper  : HHH000204: Processing PersistenceUnitInfo [name: default]
2025-06-06T11:48:21.720+02:00  INFO 18328 --- [cinevelvet] [restartedMain] o.h.c.internal.RegionFactoryInitiator    : HHH000026: Second-level cache disabled
2025-06-06T11:48:21.732+02:00  INFO 18328 --- [cinevelvet] [restartedMain] o.s.o.j.p.SpringPersistenceUnitInfo      : No LoadTimeWeaver setup: ignoring JPA class transformer
2025-06-06T11:48:21.736+02:00  INFO 18328 --- [cinevelvet] [restartedMain] com.zaxxer.hikari.HikariDataSource       : HikariPool-3 - Starting...
2025-06-06T11:48:21.748+02:00  INFO 18328 --- [cinevelvet] [restartedMain] com.zaxxer.hikari.pool.HikariPool        : HikariPool-3 - Added connection com.mysql.cj.jdbc.ConnectionImpl@522290c3
2025-06-06T11:48:21.748+02:00  INFO 18328 --- [cinevelvet] [restartedMain] com.zaxxer.hikari.HikariDataSource       : HikariPool-3 - Start completed.
2025-06-06T11:48:21.749+02:00  WARN 18328 --- [cinevelvet] [restartedMain] org.hibernate.orm.deprecation            : HHH90000025: MySQL8Dialect does not need to be specified explicitly using 'hibernate.dialect' (remove the property setting and it will be selected by default)
2025-06-06T11:48:21.749+02:00  WARN 18328 --- [cinevelvet] [restartedMain] org.hibernate.orm.deprecation            : HHH90000026: MySQL8Dialect has been deprecated; use org.hibernate.dialect.MySQLDialect instead
2025-06-06T11:48:21.749+02:00  INFO 18328 --- [cinevelvet] [restartedMain] org.hibernate.orm.connections.pooling    : HHH10001005: Database info:
	Database JDBC URL [Connecting through datasource 'HikariDataSource (HikariPool-3)']
	Database driver: undefined/unknown
	Database version: 8.0
	Autocommit mode: undefined/unknown
	Isolation level: undefined/unknown
	Minimum pool size: undefined/unknown
	Maximum pool size: undefined/unknown
2025-06-06T11:48:21.844+02:00  INFO 18328 --- [cinevelvet] [restartedMain] o.h.e.t.j.p.i.JtaPlatformInitiator       : HHH000489: No JTA platform available (set 'hibernate.transaction.jta.platform' to enable JTA platform integration)
2025-06-06T11:48:21.845+02:00  INFO 18328 --- [cinevelvet] [restartedMain] j.LocalContainerEntityManagerFactoryBean : Initialized JPA EntityManagerFactory for persistence unit 'default'
2025-06-06T11:48:22.077+02:00  WARN 18328 --- [cinevelvet] [restartedMain] JpaBaseConfiguration$JpaWebConfiguration : spring.jpa.open-in-view is enabled by default. Therefore, database queries may be performed during view rendering. Explicitly configure spring.jpa.open-in-view to disable this warning
2025-06-06T11:48:22.617+02:00  INFO 18328 --- [cinevelvet] [restartedMain] o.s.b.d.a.OptionalLiveReloadServer       : LiveReload server is running on port 35729
2025-06-06T11:48:22.633+02:00  INFO 18328 --- [cinevelvet] [restartedMain] o.s.b.a.e.web.EndpointLinksResolver      : Exposing 1 endpoint beneath base path '/actuator'
2025-06-06T11:48:22.654+02:00  INFO 18328 --- [cinevelvet] [restartedMain] o.s.b.w.embedded.tomcat.TomcatWebServer  : Tomcat started on port 8080 (http) with context path '/'
2025-06-06T11:48:22.669+02:00  INFO 18328 --- [cinevelvet] [restartedMain] com.cinevelvet.CinevelvetApplication     : Started CinevelvetApplication in 1.55 seconds (process running for 12518.053)
2025-06-06T11:48:22.669+02:00  INFO 18328 --- [cinevelvet] [restartedMain] .ConditionEvaluationDeltaLoggingListener : Condition evaluation unchanged
2025-06-06T11:54:08.862+02:00  INFO 18328 --- [cinevelvet] [http-nio-8080-exec-2] o.a.c.c.C.[Tomcat-1].[localhost].[/]     : Initializing Spring DispatcherServlet 'dispatcherServlet'
2025-06-06T11:54:08.863+02:00  INFO 18328 --- [cinevelvet] [http-nio-8080-exec-2] o.s.web.servlet.DispatcherServlet        : Initializing Servlet 'dispatcherServlet'
2025-06-06T11:54:08.867+02:00  INFO 18328 --- [cinevelvet] [http-nio-8080-exec-2] o.s.web.servlet.DispatcherServlet        : Completed initialization in 4 ms
2025-06-06T12:17:41.361+02:00  INFO 18328 --- [cinevelvet] [SpringApplicationShutdownHook] o.s.b.w.e.tomcat.GracefulShutdown        : Commencing graceful shutdown. Waiting for active requests to complete
2025-06-06T12:17:41.378+02:00  INFO 18328 --- [cinevelvet] [tomcat-shutdown] o.s.b.w.e.tomcat.GracefulShutdown        : Graceful shutdown complete
2025-06-06T12:17:41.378+02:00  INFO 18328 --- [cinevelvet] [SpringApplicationShutdownHook] j.LocalContainerEntityManagerFactoryBean : Closing JPA EntityManagerFactory for persistence unit 'default'
2025-06-06T12:17:41.378+02:00  INFO 18328 --- [cinevelvet] [SpringApplicationShutdownHook] com.zaxxer.hikari.HikariDataSource       : HikariPool-3 - Shutdown initiated...
2025-06-06T12:17:41.378+02:00  INFO 18328 --- [cinevelvet] [SpringApplicationShutdownHook] com.zaxxer.hikari.HikariDataSource       : HikariPool-3 - Shutdown completed.
